[2020-01-19T09:37:36.126] [DEBUG] cheese - login => username:zs,password:123456
[2020-01-19T09:37:36.129] [DEBUG] cheese - zs
[2020-01-19T09:37:36.144] [DEBUG] cheese - null
[2020-01-19T09:37:36.144] [DEBUG] cheese - null
[2020-01-19T09:37:45.423] [DEBUG] cheese - login => username:admin,password:123456
[2020-01-19T09:37:45.423] [DEBUG] cheese - admin
[2020-01-19T09:37:45.432] [DEBUG] cheese - null
[2020-01-19T09:37:45.432] [DEBUG] cheese - null
[2020-01-19T14:58:49.600] [DEBUG] cheese - login => username:admin,password:123456
[2020-01-19T14:58:49.602] [DEBUG] cheese - admin
[2020-01-19T14:58:49.617] [DEBUG] cheese - null
[2020-01-19T14:58:49.618] [DEBUG] cheese - null
[2020-01-19T14:59:44.235] [DEBUG] cheese - login => username:admin,password:123456
[2020-01-19T14:59:44.235] [DEBUG] cheese - admin
[2020-01-19T14:59:44.238] [DEBUG] cheese - null
[2020-01-19T14:59:44.239] [DEBUG] cheese - null
[2020-01-19T15:17:42.569] [DEBUG] cheese - login => username:admin,password:123456
[2020-01-19T15:17:42.570] [DEBUG] cheese - admin
[2020-01-19T15:17:42.574] [DEBUG] cheese - null
[2020-01-19T15:17:42.574] [DEBUG] cheese - null
[2020-01-19T15:18:22.727] [DEBUG] cheese - login => username:admin,password:123456
[2020-01-19T15:18:22.727] [DEBUG] cheese - admin
[2020-01-19T15:18:22.729] [DEBUG] cheese - null
[2020-01-19T15:18:22.729] [DEBUG] cheese - null
[2020-01-19T15:18:26.210] [DEBUG] cheese - login => username:admin,password:123456
[2020-01-19T15:18:26.210] [DEBUG] cheese - admin
[2020-01-19T15:18:26.213] [DEBUG] cheese - null
[2020-01-19T15:18:26.213] [DEBUG] cheese - null
[2020-01-19T15:18:28.096] [DEBUG] cheese - login => username:admina,password:123456
[2020-01-19T15:18:28.096] [DEBUG] cheese - admina
[2020-01-19T15:18:28.098] [DEBUG] cheese - null
[2020-01-19T15:18:28.098] [DEBUG] cheese - null
[2020-01-19T15:25:07.169] [DEBUG] cheese - login => username:admin,password:123456
[2020-01-19T15:25:07.170] [DEBUG] cheese - admin
[2020-01-19T15:25:07.172] [DEBUG] cheese - null
[2020-01-19T15:25:07.173] [DEBUG] cheese - null
[2020-01-19T15:26:31.579] [DEBUG] cheese - login => username:admin,password:123456d
[2020-01-19T15:26:31.579] [DEBUG] cheese - admin
[2020-01-19T15:26:31.581] [DEBUG] cheese - null
[2020-01-19T15:26:31.581] [DEBUG] cheese - null
[2020-01-19T15:26:34.835] [DEBUG] cheese - login => username:admin,password:123456d
[2020-01-19T15:26:34.835] [DEBUG] cheese - admin
[2020-01-19T15:26:34.836] [DEBUG] cheese - null
[2020-01-19T15:26:34.837] [DEBUG] cheese - null
[2020-01-19T15:26:35.293] [DEBUG] cheese - login => username:admin,password:123456d
[2020-01-19T15:26:35.293] [DEBUG] cheese - admin
[2020-01-19T15:26:35.296] [DEBUG] cheese - null
[2020-01-19T15:26:35.296] [DEBUG] cheese - null
[2020-01-19T15:26:40.302] [DEBUG] cheese - login => username:admin,password:123456
[2020-01-19T15:26:40.302] [DEBUG] cheese - admin
[2020-01-19T15:26:40.304] [DEBUG] cheese - null
[2020-01-19T15:26:40.304] [DEBUG] cheese - null
[2020-01-19T15:28:41.289] [DEBUG] cheese - login => username:admin,password:123456
[2020-01-19T15:28:41.289] [DEBUG] cheese - admin
[2020-01-19T15:28:41.291] [DEBUG] cheese - null
[2020-01-19T15:28:41.291] [DEBUG] cheese - null
[2020-01-19T15:29:36.110] [DEBUG] cheese - login => username:admin,password:123456
[2020-01-19T15:29:36.110] [DEBUG] cheese - admin
[2020-01-19T15:29:36.113] [DEBUG] cheese - null
[2020-01-19T15:29:36.113] [DEBUG] cheese - null
[2020-01-19T15:30:03.885] [DEBUG] cheese - login => username:admin,password:123456
[2020-01-19T15:30:03.885] [DEBUG] cheese - admin
[2020-01-19T15:30:03.888] [DEBUG] cheese - null
[2020-01-19T15:30:03.888] [DEBUG] cheese - null
[2020-01-19T15:42:40.236] [DEBUG] cheese - login => username:admin,password:123456
[2020-01-19T15:42:40.236] [DEBUG] cheese - admin
[2020-01-19T15:42:40.239] [DEBUG] cheese - null
[2020-01-19T15:42:40.239] [DEBUG] cheese - null
[2020-01-19T16:03:47.994] [DEBUG] cheese - login => username:admin,password:123456
[2020-01-19T16:03:47.994] [DEBUG] cheese - admin
[2020-01-19T16:03:47.997] [DEBUG] cheese - null
[2020-01-19T16:03:47.997] [DEBUG] cheese - null
[2020-01-19T16:10:45.012] [DEBUG] cheese - login => username:admin,password:123456
[2020-01-19T16:10:45.012] [DEBUG] cheese - admin
[2020-01-19T16:10:45.016] [DEBUG] cheese - null
[2020-01-19T16:10:45.016] [DEBUG] cheese - null
[2020-01-19T16:11:53.433] [DEBUG] cheese - login => username:admin,password:123456
[2020-01-19T16:11:53.433] [DEBUG] cheese - admin
[2020-01-19T16:11:53.436] [DEBUG] cheese - null
[2020-01-19T16:11:53.436] [DEBUG] cheese - null
[2020-01-19T16:18:49.514] [DEBUG] cheese - login => username:admin,password:123456
[2020-01-19T16:18:49.514] [DEBUG] cheese - admin
[2020-01-19T16:18:49.516] [DEBUG] cheese - null
[2020-01-19T16:18:49.517] [DEBUG] cheese - null
[2020-01-19T16:28:16.679] [DEBUG] cheese - login => username:admin,password:123456
[2020-01-19T16:28:16.679] [DEBUG] cheese - admin
[2020-01-19T16:28:16.681] [DEBUG] cheese - null
[2020-01-19T16:28:16.681] [DEBUG] cheese - null
[2020-01-19T16:56:02.532] [DEBUG] cheese - login => username:admin,password:123456
[2020-01-19T16:56:02.533] [DEBUG] cheese - admin
[2020-01-19T16:56:02.536] [DEBUG] cheese - null
[2020-01-19T16:56:02.536] [DEBUG] cheese - null
[2020-01-19T17:21:38.815] [DEBUG] cheese - login => username:admin,password:123456
[2020-01-19T17:21:38.815] [DEBUG] cheese - admin
[2020-01-19T17:21:38.817] [DEBUG] cheese - null
[2020-01-19T17:21:38.817] [DEBUG] cheese - null
[2020-01-19T17:23:50.368] [DEBUG] cheese - login => username:admin,password:123456
[2020-01-19T17:23:50.369] [DEBUG] cheese - admin
[2020-01-19T17:23:50.371] [DEBUG] cheese - null
[2020-01-19T17:23:50.371] [DEBUG] cheese - null
[2020-01-19T17:24:24.053] [DEBUG] cheese - login => username:admin,password:123456
[2020-01-19T17:24:24.053] [DEBUG] cheese - admin
[2020-01-19T17:24:24.055] [DEBUG] cheese - null
[2020-01-19T17:24:24.055] [DEBUG] cheese - null
[2020-01-19T17:28:18.312] [DEBUG] cheese - login => username:admin,password:123456
[2020-01-19T17:28:18.312] [DEBUG] cheese - admin
[2020-01-19T17:28:18.315] [DEBUG] cheese - null
[2020-01-19T17:28:18.315] [DEBUG] cheese - null
[2020-01-19T17:44:37.466] [DEBUG] cheese - login => username:admin,password:123456
[2020-01-19T17:44:37.466] [DEBUG] cheese - admin
[2020-01-19T17:44:37.469] [DEBUG] cheese - null
[2020-01-19T17:44:37.469] [DEBUG] cheese - null
[2020-01-19T17:46:20.424] [DEBUG] cheese - login => username:admin,password:123456
[2020-01-19T17:46:20.424] [DEBUG] cheese - admin
[2020-01-19T17:46:20.428] [DEBUG] cheese - null
[2020-01-19T17:46:20.428] [DEBUG] cheese - null
[2020-01-19T21:53:47.644] [DEBUG] cheese - login => username:admin,password:123456
[2020-01-19T21:53:47.644] [DEBUG] cheese - admin
[2020-01-19T21:53:47.647] [DEBUG] cheese - null
[2020-01-19T21:53:47.647] [DEBUG] cheese - null
[2020-01-19T22:21:52.998] [DEBUG] cheese - login => username:admin,password:123456
[2020-01-19T22:21:52.998] [DEBUG] cheese - admin
[2020-01-19T22:21:53.001] [DEBUG] cheese - null
[2020-01-19T22:21:53.001] [DEBUG] cheese - null
[2020-01-19T23:08:34.335] [DEBUG] cheese - login => username:admin,password:123456
[2020-01-19T23:08:34.335] [DEBUG] cheese - admin
[2020-01-19T23:08:34.337] [DEBUG] cheese - null
[2020-01-19T23:08:34.337] [DEBUG] cheese - null
[2020-01-20T16:15:37.043] [DEBUG] cheese - login => username:admin,password:123456
[2020-01-20T16:15:37.045] [DEBUG] cheese - admin
[2020-01-20T16:15:37.055] [DEBUG] cheese - null
[2020-01-20T16:15:37.056] [DEBUG] cheese - null
[2020-01-20T16:40:51.810] [DEBUG] cheese - login => username:admin,password:123456
[2020-01-20T16:40:51.810] [DEBUG] cheese - admin
[2020-01-20T16:40:51.814] [DEBUG] cheese - null
[2020-01-20T16:40:51.814] [DEBUG] cheese - null
[2020-01-20T23:36:37.377] [DEBUG] cheese - login => username:admin,password:123456
[2020-01-20T23:36:37.378] [DEBUG] cheese - admin
[2020-01-20T23:36:37.380] [DEBUG] cheese - null
[2020-01-20T23:36:37.380] [DEBUG] cheese - null
[2020-01-21T15:57:20.945] [DEBUG] cheese - null
[2020-01-21T23:03:47.319] [DEBUG] cheese - login => username:admin,password:123456
[2020-01-21T23:03:47.320] [DEBUG] cheese - admin
[2020-01-21T23:03:47.323] [DEBUG] cheese - null
[2020-01-21T23:03:47.323] [DEBUG] cheese - null
[2020-01-23T20:44:20.582] [DEBUG] cheese - login => username:admin,password:123456
[2020-01-23T20:44:20.585] [DEBUG] cheese - admin
[2020-01-23T20:44:20.604] [DEBUG] cheese - null
[2020-01-23T20:44:20.605] [DEBUG] cheese - null
[2020-01-25T12:07:27.757] [DEBUG] cheese - login => username:admin,password:123456
[2020-01-25T12:07:27.758] [DEBUG] cheese - admin
[2020-01-25T12:07:27.868] [DEBUG] cheese - null
[2020-01-25T12:07:27.868] [DEBUG] cheese - null
[2020-01-25T17:55:09.328] [DEBUG] cheese - login => username:admin,password:123456
[2020-01-25T17:55:09.328] [DEBUG] cheese - admin
[2020-01-25T17:55:09.330] [DEBUG] cheese - null
[2020-01-25T17:55:09.330] [DEBUG] cheese - null
[2020-01-25T17:56:06.587] [DEBUG] cheese - login => username:admi,password:123456
[2020-01-25T17:56:06.588] [DEBUG] cheese - admi
[2020-01-25T17:56:06.589] [DEBUG] cheese - null
[2020-01-25T17:56:06.589] [DEBUG] cheese - null
[2020-01-25T17:56:10.552] [DEBUG] cheese - login => username:admin,password:123456
[2020-01-25T17:56:10.552] [DEBUG] cheese - admin
[2020-01-25T17:56:10.555] [DEBUG] cheese - null
[2020-01-25T17:56:10.555] [DEBUG] cheese - null
[2020-01-25T17:56:25.692] [DEBUG] cheese - login => username:linken,password:123456
[2020-01-25T17:56:25.692] [DEBUG] cheese - linken
[2020-01-25T17:56:25.695] [DEBUG] cheese - null
[2020-01-25T17:56:25.695] [DEBUG] cheese - null
[2020-01-25T17:56:33.086] [DEBUG] cheese - login => username:admin,password:123456
[2020-01-25T17:56:33.086] [DEBUG] cheese - admin
[2020-01-25T17:56:33.089] [DEBUG] cheese - null
[2020-01-25T17:56:33.089] [DEBUG] cheese - null
[2020-01-25T18:01:11.807] [DEBUG] cheese - login => username:auth,password:123456
[2020-01-25T18:01:11.807] [DEBUG] cheese - auth
[2020-01-25T18:01:11.809] [DEBUG] cheese - null
[2020-01-25T18:01:11.809] [DEBUG] cheese - null
[2020-01-25T18:01:21.331] [DEBUG] cheese - login => username:auth,password:123456
[2020-01-25T18:01:21.331] [DEBUG] cheese - auth
[2020-01-25T18:01:21.333] [DEBUG] cheese - null
[2020-01-25T18:01:21.333] [DEBUG] cheese - null
[2020-01-25T18:01:22.594] [DEBUG] cheese - login => username:admin,password:123456
[2020-01-25T18:01:22.594] [DEBUG] cheese - admin
[2020-01-25T18:01:22.596] [DEBUG] cheese - null
[2020-01-25T18:01:22.596] [DEBUG] cheese - null
[2020-01-25T18:01:46.719] [DEBUG] cheese - login => username:auth,password:123456
[2020-01-25T18:01:46.719] [DEBUG] cheese - auth
[2020-01-25T18:01:46.720] [DEBUG] cheese - null
[2020-01-25T18:01:46.720] [DEBUG] cheese - null
[2020-01-25T18:01:49.042] [DEBUG] cheese - null
[2020-01-25T18:01:49.045] [DEBUG] cheese - null
[2020-01-25T18:01:52.237] [DEBUG] cheese - null
[2020-01-25T18:01:52.238] [DEBUG] cheese - null
[2020-01-25T18:01:53.421] [DEBUG] cheese - null
[2020-01-25T18:01:53.424] [DEBUG] cheese - null
[2020-01-25T18:01:59.201] [DEBUG] cheese - login => username:admin,password:123456
[2020-01-25T18:01:59.201] [DEBUG] cheese - admin
[2020-01-25T18:01:59.202] [DEBUG] cheese - null
[2020-01-25T18:01:59.202] [DEBUG] cheese - null
[2020-01-26T13:07:24.764] [DEBUG] cheese - login => username:admin,password:123456
[2020-01-26T13:07:24.764] [DEBUG] cheese - admin
[2020-01-26T13:07:24.767] [DEBUG] cheese - null
[2020-01-26T13:07:24.767] [DEBUG] cheese - null
[2020-01-26T16:04:29.486] [DEBUG] cheese - login => username:admin,password:123456
[2020-01-26T16:04:29.486] [DEBUG] cheese - admin
[2020-01-26T16:04:29.592] [DEBUG] cheese - null
[2020-01-26T16:04:29.592] [DEBUG] cheese - null
[2020-01-26T17:42:27.771] [DEBUG] cheese - login => username:orders,password:123456
[2020-01-26T17:42:27.772] [DEBUG] cheese - orders
[2020-01-26T17:42:27.776] [DEBUG] cheese - null
[2020-01-26T17:42:27.776] [DEBUG] cheese - null
[2020-01-26T17:42:37.026] [DEBUG] cheese - login => username:admin,password:123456
[2020-01-26T17:42:37.026] [DEBUG] cheese - admin
[2020-01-26T17:42:37.031] [DEBUG] cheese - null
[2020-01-26T17:42:37.031] [DEBUG] cheese - null
[2020-01-26T17:42:51.967] [DEBUG] cheese - login => username:good,password:123456
[2020-01-26T17:42:51.967] [DEBUG] cheese - good
[2020-01-26T17:42:51.968] [DEBUG] cheese - null
[2020-01-26T17:42:51.969] [DEBUG] cheese - null
[2020-01-26T17:42:57.198] [DEBUG] cheese - login => username:good,password:123456
[2020-01-26T17:42:57.198] [DEBUG] cheese - good
[2020-01-26T17:42:57.202] [DEBUG] cheese - null
[2020-01-26T17:42:57.202] [DEBUG] cheese - null
[2020-01-26T17:43:03.117] [DEBUG] cheese - login => username:admin,password:123456
[2020-01-26T17:43:03.117] [DEBUG] cheese - admin
[2020-01-26T17:43:03.121] [DEBUG] cheese - null
[2020-01-26T17:43:03.121] [DEBUG] cheese - null
[2020-01-26T17:59:57.263] [DEBUG] cheese - login => username:linken,password:123456
[2020-01-26T17:59:57.263] [DEBUG] cheese - linken
[2020-01-26T17:59:57.266] [DEBUG] cheese - null
[2020-01-26T17:59:57.266] [DEBUG] cheese - null
[2020-01-26T17:59:59.567] [DEBUG] cheese - null
[2020-01-26T17:59:59.571] [DEBUG] cheese - null
[2020-01-26T18:00:00.669] [DEBUG] cheese - null
[2020-01-26T18:00:00.673] [DEBUG] cheese - null
[2020-01-26T18:00:01.722] [DEBUG] cheese - null
[2020-01-26T18:00:01.725] [DEBUG] cheese - null
[2020-01-26T18:00:12.566] [DEBUG] cheese - null
[2020-01-26T18:00:12.571] [DEBUG] cheese - null
[2020-01-26T18:00:13.701] [DEBUG] cheese - null
[2020-01-26T18:00:13.705] [DEBUG] cheese - null
[2020-01-26T18:00:20.653] [DEBUG] cheese - login => username:admin,password:123456
[2020-01-26T18:00:20.653] [DEBUG] cheese - admin
[2020-01-26T18:00:20.657] [DEBUG] cheese - null
[2020-01-26T18:00:20.657] [DEBUG] cheese - null
[2020-01-26T18:01:02.169] [DEBUG] cheese - login => username:admin,password:123456
[2020-01-26T18:01:02.169] [DEBUG] cheese - admin
[2020-01-26T18:01:02.174] [DEBUG] cheese - null
[2020-01-26T18:01:02.174] [DEBUG] cheese - null
[2020-01-26T18:01:11.646] [DEBUG] cheese - login => username:orders,password:123456
[2020-01-26T18:01:11.646] [DEBUG] cheese - orders
[2020-01-26T18:01:11.650] [DEBUG] cheese - null
[2020-01-26T18:01:11.650] [DEBUG] cheese - null
[2020-01-26T18:01:12.416] [DEBUG] cheese - login => username:orders,password:123456
[2020-01-26T18:01:12.416] [DEBUG] cheese - orders
[2020-01-26T18:01:12.421] [DEBUG] cheese - null
[2020-01-26T18:01:12.421] [DEBUG] cheese - null
[2020-01-26T18:01:12.616] [DEBUG] cheese - login => username:orders,password:123456
[2020-01-26T18:01:12.617] [DEBUG] cheese - orders
[2020-01-26T18:01:12.620] [DEBUG] cheese - null
[2020-01-26T18:01:12.621] [DEBUG] cheese - null
[2020-01-26T18:01:15.327] [DEBUG] cheese - login => username:admin,password:123456
[2020-01-26T18:01:15.327] [DEBUG] cheese - admin
[2020-01-26T18:01:15.331] [DEBUG] cheese - null
[2020-01-26T18:01:15.331] [DEBUG] cheese - null
[2020-01-26T22:01:29.107] [DEBUG] cheese - login => username:admin,password:123456
[2020-01-26T22:01:29.107] [DEBUG] cheese - admin
[2020-01-26T22:01:29.113] [DEBUG] cheese - null
[2020-01-26T22:01:29.113] [DEBUG] cheese - null
[2020-01-28T09:54:49.669] [DEBUG] cheese - login => username:admin,password:123456
[2020-01-28T09:54:49.671] [DEBUG] cheese - admin
[2020-01-28T09:54:49.689] [DEBUG] cheese - null
[2020-01-28T09:54:49.690] [DEBUG] cheese - null
[2020-01-28T09:59:40.428] [DEBUG] cheese - login => username:admin,password:123456
[2020-01-28T09:59:40.428] [DEBUG] cheese - admin
[2020-01-28T09:59:40.431] [DEBUG] cheese - null
[2020-01-28T09:59:40.431] [DEBUG] cheese - null
[2020-01-28T12:56:54.555] [DEBUG] cheese - login => username:admin,password:123456
[2020-01-28T12:56:54.555] [DEBUG] cheese - admin
[2020-01-28T12:56:54.558] [DEBUG] cheese - null
[2020-01-28T12:56:54.558] [DEBUG] cheese - null
[2020-01-29T14:09:05.931] [DEBUG] cheese - login => username:admin,password:123456
[2020-01-29T14:09:05.931] [DEBUG] cheese - admin
[2020-01-29T14:09:05.987] [DEBUG] cheese - null
[2020-01-29T14:09:05.987] [DEBUG] cheese - null
[2020-01-30T13:06:03.979] [DEBUG] cheese - login => username:admin,password:123456
[2020-01-30T13:06:03.981] [DEBUG] cheese - admin
[2020-01-30T13:06:03.998] [DEBUG] cheese - null
[2020-01-30T13:06:03.999] [DEBUG] cheese - null
[2020-01-31T15:04:41.057] [DEBUG] cheese - login => username:admin,password:123456
[2020-01-31T15:04:41.059] [DEBUG] cheese - admin
[2020-01-31T15:04:41.091] [DEBUG] cheese - null
[2020-01-31T15:04:41.091] [DEBUG] cheese - null
[2020-01-31T15:16:39.226] [DEBUG] cheese - login => username:admin,password:123456
[2020-01-31T15:16:39.226] [DEBUG] cheese - admin
[2020-01-31T15:16:39.230] [DEBUG] cheese - null
[2020-01-31T15:16:39.230] [DEBUG] cheese - null
[2020-01-31T15:16:57.411] [DEBUG] cheese - login => username:admin,password:123456
[2020-01-31T15:16:57.412] [DEBUG] cheese - admin
[2020-01-31T15:16:57.416] [DEBUG] cheese - null
[2020-01-31T15:16:57.416] [DEBUG] cheese - null
[2020-01-31T16:45:49.514] [DEBUG] cheese - null
[2020-02-01T15:19:52.934] [DEBUG] cheese - login => username:admin,password:123456
[2020-02-01T15:19:52.934] [DEBUG] cheese - admin
[2020-02-01T15:19:52.943] [DEBUG] cheese - null
[2020-02-01T15:19:52.943] [DEBUG] cheese - null
[2020-02-02T10:55:43.884] [DEBUG] cheese - login => username:admin,password:123456
[2020-02-02T10:55:43.884] [DEBUG] cheese - admin
[2020-02-02T10:55:43.887] [DEBUG] cheese - null
[2020-02-02T10:55:43.887] [DEBUG] cheese - null
[2020-02-02T12:23:43.455] [DEBUG] cheese - login => username:admin,password:123456
[2020-02-02T12:23:43.458] [DEBUG] cheese - admin
[2020-02-02T12:23:43.478] [DEBUG] cheese - null
[2020-02-02T12:23:43.478] [DEBUG] cheese - null
[2020-02-02T12:25:57.106] [DEBUG] cheese - login => username:admin,password:123456
[2020-02-02T12:25:57.106] [DEBUG] cheese - admin
[2020-02-02T12:25:57.112] [DEBUG] cheese - null
[2020-02-02T12:25:57.112] [DEBUG] cheese - null
[2020-02-02T12:27:41.624] [DEBUG] cheese - login => username:admin,password:123456
[2020-02-02T12:27:41.624] [DEBUG] cheese - admin
[2020-02-02T12:27:41.630] [DEBUG] cheese - null
[2020-02-02T12:27:41.630] [DEBUG] cheese - null
[2020-02-02T12:28:10.566] [DEBUG] cheese - login => username:admin5,password:123456
[2020-02-02T12:28:10.566] [DEBUG] cheese - admin5
[2020-02-02T12:28:10.570] [DEBUG] cheese - null
[2020-02-02T12:28:10.571] [DEBUG] cheese - null
[2020-02-02T12:28:31.941] [DEBUG] cheese - login => username:admin,password:123456
[2020-02-02T12:28:31.941] [DEBUG] cheese - admin
[2020-02-02T12:28:31.946] [DEBUG] cheese - null
[2020-02-02T12:28:31.946] [DEBUG] cheese - null
[2020-02-02T12:40:46.618] [DEBUG] cheese - login => username:admin,password:123456
[2020-02-02T12:40:46.619] [DEBUG] cheese - admin
[2020-02-02T12:40:46.622] [DEBUG] cheese - null
[2020-02-02T12:40:46.622] [DEBUG] cheese - null
[2020-02-02T12:47:25.040] [DEBUG] cheese - login => username:admin,password:123456
[2020-02-02T12:47:25.040] [DEBUG] cheese - admin
[2020-02-02T12:47:25.043] [DEBUG] cheese - null
[2020-02-02T12:47:25.043] [DEBUG] cheese - null
[2020-02-02T12:59:06.747] [DEBUG] cheese - login => username:admin,password:123456
[2020-02-02T12:59:06.750] [DEBUG] cheese - admin
[2020-02-02T12:59:06.762] [DEBUG] cheese - null
[2020-02-02T12:59:06.762] [DEBUG] cheese - null
[2020-02-02T13:42:31.266] [DEBUG] cheese - login => username:admin,password:123456
[2020-02-02T13:42:31.266] [DEBUG] cheese - admin
[2020-02-02T13:42:31.272] [DEBUG] cheese - null
[2020-02-02T13:42:31.273] [DEBUG] cheese - null
[2020-02-02T13:42:52.236] [DEBUG] cheese - login => username:admin,password:123456
[2020-02-02T13:42:52.237] [DEBUG] cheese - admin
[2020-02-02T13:42:52.241] [DEBUG] cheese - null
[2020-02-02T13:42:52.241] [DEBUG] cheese - null
[2020-02-02T13:43:22.373] [DEBUG] cheese - login => username:admin,password:123456
[2020-02-02T13:43:22.373] [DEBUG] cheese - admin
[2020-02-02T13:43:22.381] [DEBUG] cheese - null
[2020-02-02T13:43:22.382] [DEBUG] cheese - null
[2020-02-02T13:57:57.669] [DEBUG] cheese - login => username:admin,password:123456
[2020-02-02T13:57:57.669] [DEBUG] cheese - admin
[2020-02-02T13:57:57.675] [DEBUG] cheese - null
[2020-02-02T13:57:57.675] [DEBUG] cheese - null
[2020-02-02T14:01:00.834] [DEBUG] cheese - login => username:admin,password:123456
[2020-02-02T14:01:00.836] [DEBUG] cheese - admin
[2020-02-02T14:01:00.875] [DEBUG] cheese - null
[2020-02-02T14:01:00.876] [DEBUG] cheese - null
[2020-02-02T14:28:33.260] [DEBUG] cheese - login => username:admin,password:123456
[2020-02-02T14:28:33.260] [DEBUG] cheese - admin
[2020-02-02T14:28:33.263] [DEBUG] cheese - null
[2020-02-02T14:28:33.263] [DEBUG] cheese - null
[2020-02-02T14:35:49.467] [DEBUG] cheese - login => username:admin,password:123456
[2020-02-02T14:35:49.467] [DEBUG] cheese - admin
[2020-02-02T14:35:49.470] [DEBUG] cheese - null
[2020-02-02T14:35:49.470] [DEBUG] cheese - null
[2020-02-02T15:29:21.354] [DEBUG] cheese - login => username:admin,password:123456
[2020-02-02T15:29:21.354] [DEBUG] cheese - admin
[2020-02-02T15:29:21.363] [DEBUG] cheese - null
[2020-02-02T15:29:21.363] [DEBUG] cheese - null
[2020-02-02T15:34:42.350] [DEBUG] cheese - login => username:admin,password:123456
[2020-02-02T15:34:42.350] [DEBUG] cheese - admin
[2020-02-02T15:34:42.352] [DEBUG] cheese - null
[2020-02-02T15:34:42.353] [DEBUG] cheese - null
[2020-02-02T16:01:32.433] [DEBUG] cheese - login => username:admin,password:123456
[2020-02-02T16:01:32.433] [DEBUG] cheese - admin
[2020-02-02T16:01:32.435] [DEBUG] cheese - null
[2020-02-02T16:01:32.435] [DEBUG] cheese - null
[2020-02-02T16:11:20.413] [DEBUG] cheese - login => username:admin,password:123456
[2020-02-02T16:11:20.413] [DEBUG] cheese - admin
[2020-02-02T16:11:20.414] [DEBUG] cheese - null
[2020-02-02T16:11:20.414] [DEBUG] cheese - null
[2020-02-05T13:54:07.684] [DEBUG] cheese - login => username:admin,password:123456
[2020-02-05T13:54:07.685] [DEBUG] cheese - admin
[2020-02-05T13:54:07.719] [DEBUG] cheese - null
[2020-02-05T13:54:07.719] [DEBUG] cheese - null
[2020-02-14T17:01:46.873] [DEBUG] cheese - login => username:admin,password:123456
[2020-02-14T17:01:46.876] [DEBUG] cheese - admin
[2020-02-14T17:01:46.900] [DEBUG] cheese - null
[2020-02-14T17:01:46.901] [DEBUG] cheese - null
[2020-02-14T17:50:21.591] [DEBUG] cheese - login => username:admin,password:123456
[2020-02-14T17:50:21.594] [DEBUG] cheese - admin
[2020-02-14T17:50:21.604] [DEBUG] cheese - null
[2020-02-14T17:50:21.604] [DEBUG] cheese - null
[2020-02-14T17:51:46.243] [DEBUG] cheese - login => username:report,password:123456
[2020-02-14T17:51:46.244] [DEBUG] cheese - report
[2020-02-14T17:51:46.247] [DEBUG] cheese - null
[2020-02-14T17:51:46.247] [DEBUG] cheese - null
[2020-02-14T17:51:51.927] [DEBUG] cheese - login => username:admin,password:123456
[2020-02-14T17:51:51.928] [DEBUG] cheese - admin
[2020-02-14T17:51:51.930] [DEBUG] cheese - null
[2020-02-14T17:51:51.930] [DEBUG] cheese - null
[2020-02-14T17:53:05.427] [DEBUG] cheese - login => username:author,password:123456
[2020-02-14T17:53:05.427] [DEBUG] cheese - author
[2020-02-14T17:53:05.429] [DEBUG] cheese - null
[2020-02-14T17:53:05.429] [DEBUG] cheese - null
[2020-02-14T17:53:07.947] [DEBUG] cheese - null
[2020-02-14T17:53:07.949] [DEBUG] cheese - null
[2020-02-14T17:53:13.294] [DEBUG] cheese - null
[2020-02-14T17:53:13.296] [DEBUG] cheese - null
[2020-02-14T17:53:14.599] [DEBUG] cheese - null
[2020-02-14T17:53:14.601] [DEBUG] cheese - null
[2020-02-14T17:53:23.043] [DEBUG] cheese - login => username:admin,password:123456
[2020-02-14T17:53:23.043] [DEBUG] cheese - admin
[2020-02-14T17:53:23.045] [DEBUG] cheese - null
[2020-02-14T17:53:23.045] [DEBUG] cheese - null
[2020-02-15T13:35:26.258] [DEBUG] cheese - login => username:admin,password:123456
[2020-02-15T13:35:26.259] [DEBUG] cheese - admin
[2020-02-15T13:35:26.261] [DEBUG] cheese - null
[2020-02-15T13:35:26.261] [DEBUG] cheese - null
[2020-02-16T12:38:14.875] [DEBUG] cheese - login => username:admin,password:123456
[2020-02-16T12:38:14.875] [DEBUG] cheese - admin
[2020-02-16T12:38:14.885] [DEBUG] cheese - null
[2020-02-16T12:38:14.885] [DEBUG] cheese - null
[2020-02-19T12:23:52.880] [DEBUG] cheese - login => username:admin,password:123456
[2020-02-19T12:23:52.880] [DEBUG] cheese - admin
[2020-02-19T12:23:52.886] [DEBUG] cheese - null
[2020-02-19T12:23:52.887] [DEBUG] cheese - null
[2020-02-19T12:26:17.173] [DEBUG] cheese - login => username:admin,password:123456
[2020-02-19T12:26:17.173] [DEBUG] cheese - admin
[2020-02-19T12:26:17.176] [DEBUG] cheese - null
[2020-02-19T12:26:17.176] [DEBUG] cheese - null
[2020-02-19T12:27:14.420] [DEBUG] cheese - login => username:admin,password:123456
[2020-02-19T12:27:14.420] [DEBUG] cheese - admin
[2020-02-19T12:27:14.422] [DEBUG] cheese - null
[2020-02-19T12:27:14.423] [DEBUG] cheese - null
[2020-02-25T03:10:46.626] [DEBUG] cheese - login => username:admin,password:123456
[2020-02-25T03:10:46.629] [DEBUG] cheese - admin
[2020-02-25T03:10:46.663] [DEBUG] cheese - null
[2020-02-25T03:10:46.663] [DEBUG] cheese - null
[2020-02-25T03:12:31.943] [DEBUG] cheese - login => username:goods,password:123456
[2020-02-25T03:12:31.943] [DEBUG] cheese - goods
[2020-02-25T03:12:31.945] [DEBUG] cheese - null
[2020-02-25T03:12:31.945] [DEBUG] cheese - null
[2020-02-25T03:12:34.412] [DEBUG] cheese - login => username:admin,password:123456
[2020-02-25T03:12:34.412] [DEBUG] cheese - admin
[2020-02-25T03:12:34.415] [DEBUG] cheese - null
[2020-02-25T03:12:34.415] [DEBUG] cheese - null
[2020-02-25T03:12:53.832] [DEBUG] cheese - login => username:good,password:123456
[2020-02-25T03:12:53.832] [DEBUG] cheese - good
[2020-02-25T03:12:53.835] [DEBUG] cheese - null
[2020-02-25T03:12:53.835] [DEBUG] cheese - null
[2020-02-25T03:13:04.899] [DEBUG] cheese - login => username:goods,password:123456
[2020-02-25T03:13:04.899] [DEBUG] cheese - goods
[2020-02-25T03:13:04.901] [DEBUG] cheese - null
[2020-02-25T03:13:04.901] [DEBUG] cheese - null
[2020-02-25T03:13:08.296] [DEBUG] cheese - null
[2020-02-25T03:13:08.298] [DEBUG] cheese - null
[2020-02-25T03:13:24.035] [DEBUG] cheese - null
[2020-02-25T03:13:24.038] [DEBUG] cheese - null
[2020-02-25T03:13:28.201] [DEBUG] cheese - null
[2020-02-25T03:13:28.203] [DEBUG] cheese - null
[2020-02-25T03:13:51.407] [DEBUG] cheese - null
[2020-02-25T03:13:51.410] [DEBUG] cheese - null
[2020-02-25T03:13:56.478] [DEBUG] cheese - null
[2020-02-25T03:13:56.480] [DEBUG] cheese - null
[2020-02-25T03:13:59.727] [DEBUG] cheese - null
[2020-02-25T03:13:59.729] [DEBUG] cheese - null
[2020-02-25T03:14:04.221] [DEBUG] cheese - null
[2020-02-25T03:14:04.224] [DEBUG] cheese - null
[2020-02-25T03:14:04.272] [DEBUG] cheese - null
[2020-02-25T03:14:04.273] [DEBUG] cheese - null
[2020-02-25T03:14:12.593] [DEBUG] cheese - login => username:goods,password:123456
[2020-02-25T03:14:12.593] [DEBUG] cheese - goods
[2020-02-25T03:14:12.596] [DEBUG] cheese - null
[2020-02-25T03:14:12.596] [DEBUG] cheese - null
[2020-02-25T03:14:15.186] [DEBUG] cheese - null
[2020-02-25T03:14:15.188] [DEBUG] cheese - null
[2020-02-25T03:14:16.064] [DEBUG] cheese - null
[2020-02-25T03:14:16.065] [DEBUG] cheese - null
[2020-02-25T03:14:17.239] [DEBUG] cheese - null
[2020-02-25T03:14:17.241] [DEBUG] cheese - null
[2020-02-25T03:14:23.251] [DEBUG] cheese - login => username:admin,password:123456
[2020-02-25T03:14:23.251] [DEBUG] cheese - admin
[2020-02-25T03:14:23.253] [DEBUG] cheese - null
[2020-02-25T03:14:23.253] [DEBUG] cheese - null
[2020-02-25T03:16:13.919] [DEBUG] cheese - login => username:goods,password:123456
[2020-02-25T03:16:13.919] [DEBUG] cheese - goods
[2020-02-25T03:16:13.920] [DEBUG] cheese - null
[2020-02-25T03:16:13.921] [DEBUG] cheese - null
[2020-02-25T03:16:17.235] [DEBUG] cheese - null
[2020-02-25T03:16:17.236] [DEBUG] cheese - null
[2020-02-25T03:16:20.234] [DEBUG] cheese - null
[2020-02-25T03:16:20.239] [DEBUG] cheese - null
[2020-02-25T03:16:21.420] [DEBUG] cheese - null
[2020-02-25T03:16:21.427] [DEBUG] cheese - null
[2020-02-25T03:16:28.501] [DEBUG] cheese - login => username:admin,password:123456
[2020-02-25T03:16:28.502] [DEBUG] cheese - admin
[2020-02-25T03:16:28.513] [DEBUG] cheese - null
[2020-02-25T03:16:28.513] [DEBUG] cheese - null
[2020-02-25T03:23:35.712] [DEBUG] cheese - login => username:admin,password:123456
[2020-02-25T03:23:35.712] [DEBUG] cheese - admin
[2020-02-25T03:23:35.715] [DEBUG] cheese - null
[2020-02-25T03:23:35.715] [DEBUG] cheese - null
[2020-02-25T03:25:38.822] [DEBUG] cheese - null
[2020-02-25T03:26:05.449] [DEBUG] cheese - login => username:linken,password:123456
[2020-02-25T03:26:05.450] [DEBUG] cheese - linken
[2020-02-25T03:26:05.451] [DEBUG] cheese - null
[2020-02-25T03:26:05.451] [DEBUG] cheese - null
[2020-02-25T03:26:07.914] [DEBUG] cheese - null
[2020-02-25T03:26:12.458] [DEBUG] cheese - null
[2020-02-25T03:26:18.375] [DEBUG] cheese - null
[2020-02-25T03:26:18.377] [DEBUG] cheese - null
[2020-02-25T03:26:21.334] [DEBUG] cheese - null
[2020-02-25T03:26:21.335] [DEBUG] cheese - null
[2020-02-25T03:26:22.151] [DEBUG] cheese - null
[2020-02-25T03:26:22.153] [DEBUG] cheese - null
[2020-02-25T03:26:22.799] [DEBUG] cheese - null
[2020-02-25T03:26:22.801] [DEBUG] cheese - null
[2020-02-25T03:26:25.970] [DEBUG] cheese - login => username:admin,password:123456
[2020-02-25T03:26:25.970] [DEBUG] cheese - admin
[2020-02-25T03:26:25.972] [DEBUG] cheese - null
[2020-02-25T03:26:25.972] [DEBUG] cheese - null
[2020-02-25T03:44:58.658] [DEBUG] cheese - login => username:admin,password:123456
[2020-02-25T03:44:58.658] [DEBUG] cheese - admin
[2020-02-25T03:44:58.660] [DEBUG] cheese - null
[2020-02-25T03:44:58.660] [DEBUG] cheese - null
[2020-02-25T09:35:09.360] [DEBUG] cheese - login => username:admin,password:123456
[2020-02-25T09:35:09.360] [DEBUG] cheese - admin
[2020-02-25T09:35:09.361] [DEBUG] cheese - null
[2020-02-25T09:35:09.361] [DEBUG] cheese - null
[2020-02-25T09:35:20.332] [DEBUG] cheese - login => username:goods,password:123456
[2020-02-25T09:35:20.333] [DEBUG] cheese - goods
[2020-02-25T09:35:20.335] [DEBUG] cheese - null
[2020-02-25T09:35:20.335] [DEBUG] cheese - null
[2020-02-25T09:35:22.817] [DEBUG] cheese - null
[2020-02-25T09:35:22.819] [DEBUG] cheese - null
[2020-02-25T09:35:23.402] [DEBUG] cheese - null
[2020-02-25T09:35:23.404] [DEBUG] cheese - null
[2020-02-25T09:35:31.430] [DEBUG] cheese - login => username:author,password:123456
[2020-02-25T09:35:31.430] [DEBUG] cheese - author
[2020-02-25T09:35:31.432] [DEBUG] cheese - null
[2020-02-25T09:35:31.432] [DEBUG] cheese - null
[2020-02-25T09:35:33.625] [DEBUG] cheese - null
[2020-02-25T09:35:33.626] [DEBUG] cheese - null
[2020-02-25T09:35:34.109] [DEBUG] cheese - null
[2020-02-25T09:35:34.110] [DEBUG] cheese - null
[2020-02-25T09:36:07.230] [DEBUG] cheese - login => username:admin,password:123456
[2020-02-25T09:36:07.230] [DEBUG] cheese - admin
[2020-02-25T09:36:07.233] [DEBUG] cheese - null
[2020-02-25T09:36:07.233] [DEBUG] cheese - null
[2020-02-25T09:36:57.448] [DEBUG] cheese - login => username:test,password:123456
[2020-02-25T09:36:57.448] [DEBUG] cheese - test
[2020-02-25T09:36:57.450] [DEBUG] cheese - null
[2020-02-25T09:36:57.451] [DEBUG] cheese - null
[2020-02-25T09:36:59.390] [DEBUG] cheese - login => username:admin,password:123456
[2020-02-25T09:36:59.390] [DEBUG] cheese - admin
[2020-02-25T09:36:59.392] [DEBUG] cheese - null
[2020-02-25T09:36:59.392] [DEBUG] cheese - null
[2020-02-25T09:37:20.461] [DEBUG] cheese - login => username:test,password:123456
[2020-02-25T09:37:20.461] [DEBUG] cheese - test
[2020-02-25T09:37:20.463] [DEBUG] cheese - null
[2020-02-25T09:37:20.463] [DEBUG] cheese - null
[2020-02-25T09:37:22.733] [DEBUG] cheese - null
[2020-02-25T09:37:22.734] [DEBUG] cheese - null
[2020-02-25T09:37:26.423] [DEBUG] cheese - login => username:admin,password:123456
[2020-02-25T09:37:26.424] [DEBUG] cheese - admin
[2020-02-25T09:37:26.425] [DEBUG] cheese - null
[2020-02-25T09:37:26.425] [DEBUG] cheese - null
[2020-02-25T09:37:34.639] [DEBUG] cheese - null
[2020-02-25T09:37:38.764] [DEBUG] cheese - null
[2020-02-25T09:37:44.419] [DEBUG] cheese - login => username:test,password:123456
[2020-02-25T09:37:44.419] [DEBUG] cheese - test
[2020-02-25T09:37:44.422] [DEBUG] cheese - null
[2020-02-25T09:37:44.422] [DEBUG] cheese - null
[2020-02-25T09:52:10.526] [DEBUG] cheese - null
[2020-02-25T09:52:10.528] [DEBUG] cheese - null
[2020-02-25T09:52:11.905] [DEBUG] cheese - null
[2020-02-25T09:52:11.906] [DEBUG] cheese - null
[2020-02-25T09:52:13.187] [DEBUG] cheese - null
[2020-02-25T09:52:13.189] [DEBUG] cheese - null
[2020-02-25T09:52:15.056] [DEBUG] cheese - null
[2020-02-25T09:52:15.057] [DEBUG] cheese - null
[2020-02-25T09:52:25.023] [DEBUG] cheese - null
[2020-02-25T09:52:25.024] [DEBUG] cheese - null
[2020-02-25T09:52:26.311] [DEBUG] cheese - null
[2020-02-25T09:52:26.312] [DEBUG] cheese - null
[2020-03-08T23:33:06.424] [DEBUG] cheese - login => username:admin,password:123456
[2020-03-08T23:33:06.428] [DEBUG] cheese - admin
[2020-03-08T23:33:06.483] [DEBUG] cheese - null
[2020-03-08T23:33:06.484] [DEBUG] cheese - null
[2020-03-08T23:33:18.033] [DEBUG] cheese - login => username:admin,password:123456
[2020-03-08T23:33:18.033] [DEBUG] cheese - admin
[2020-03-08T23:33:18.039] [DEBUG] cheese - null
[2020-03-08T23:33:18.039] [DEBUG] cheese - null
[2020-04-20T15:45:55.625] [DEBUG] cheese - login => username:zsghgh,password:123ghghg
[2020-04-20T15:45:55.697] [DEBUG] cheese - zsghgh
[2020-04-20T15:45:56.094] [DEBUG] cheese - login => username:zsghgh,password:123ghghg
[2020-04-20T15:45:56.094] [DEBUG] cheese - zsghgh
[2020-04-20T15:45:58.726] [DEBUG] cheese - login => username:zsghgh,password:123ghghg
[2020-04-20T15:45:58.727] [DEBUG] cheese - zsghgh
[2020-04-20T15:46:01.399] [DEBUG] cheese - null
[2020-04-20T15:46:01.424] [DEBUG] cheese - null
[2020-04-20T15:46:01.427] [DEBUG] cheese - null
[2020-04-20T15:46:01.427] [DEBUG] cheese - null
[2020-04-20T15:46:01.429] [DEBUG] cheese - null
[2020-04-20T15:46:01.429] [DEBUG] cheese - null
[2020-04-20T15:48:02.444] [DEBUG] cheese - login => username:zsklkl,password:123klkl
[2020-04-20T15:48:02.444] [DEBUG] cheese - zsklkl
[2020-04-20T15:48:02.471] [DEBUG] cheese - null
[2020-04-20T15:48:02.472] [DEBUG] cheese - null
[2020-04-20T15:51:45.544] [DEBUG] cheese - login => username:zsfggh,password:123fgh
[2020-04-20T15:51:45.544] [DEBUG] cheese - zsfggh
[2020-04-20T15:51:45.657] [DEBUG] cheese - null
[2020-04-20T15:51:45.658] [DEBUG] cheese - null
[2020-04-20T15:51:53.795] [DEBUG] cheese - login => username:admin,password:123456
[2020-04-20T15:51:53.796] [DEBUG] cheese - admin
[2020-04-20T15:51:54.115] [DEBUG] cheese - null
[2020-04-20T15:51:54.116] [DEBUG] cheese - null
[2020-04-20T15:56:44.179] [DEBUG] cheese - login => username:zslk;lk,password:123klkl
[2020-04-20T15:56:44.179] [DEBUG] cheese - zslk;lk
[2020-04-20T15:56:44.239] [DEBUG] cheese - null
[2020-04-20T15:56:44.239] [DEBUG] cheese - null
[2020-04-20T15:56:46.831] [DEBUG] cheese - login => username:zslk;lk,password:123klklklk
[2020-04-20T15:56:46.831] [DEBUG] cheese - zslk;lk
[2020-04-20T15:56:46.852] [DEBUG] cheese - null
[2020-04-20T15:56:46.852] [DEBUG] cheese - null
[2020-04-20T15:56:54.873] [DEBUG] cheese - login => username:admin,password:123456
[2020-04-20T15:56:54.873] [DEBUG] cheese - admin
[2020-04-20T15:56:54.877] [DEBUG] cheese - null
[2020-04-20T15:56:54.877] [DEBUG] cheese - null
[2020-04-20T15:56:56.732] [DEBUG] cheese - login => username:admin,password:123456
[2020-04-20T15:56:56.732] [DEBUG] cheese - admin
[2020-04-20T15:56:56.757] [DEBUG] cheese - null
[2020-04-20T15:56:56.757] [DEBUG] cheese - null
[2020-04-20T15:57:23.486] [DEBUG] cheese - login => username:admin,password:123456
[2020-04-20T15:57:23.486] [DEBUG] cheese - admin
[2020-04-20T15:57:23.489] [DEBUG] cheese - null
[2020-04-20T15:57:23.489] [DEBUG] cheese - null
[2020-04-20T16:02:48.439] [DEBUG] cheese - login => username:admin,password:123456
[2020-04-20T16:02:48.439] [DEBUG] cheese - admin
[2020-04-20T16:02:48.491] [DEBUG] cheese - null
[2020-04-20T16:02:48.491] [DEBUG] cheese - null
[2020-04-20T16:02:50.818] [DEBUG] cheese - login => username:admin,password:123456
[2020-04-20T16:02:50.818] [DEBUG] cheese - admin
[2020-04-20T16:02:50.833] [DEBUG] cheese - null
[2020-04-20T16:02:50.833] [DEBUG] cheese - null
[2020-04-20T16:02:51.929] [DEBUG] cheese - login => username:admin,password:123456
[2020-04-20T16:02:51.944] [DEBUG] cheese - admin
[2020-04-20T16:02:51.946] [DEBUG] cheese - null
[2020-04-20T16:02:51.946] [DEBUG] cheese - null
[2020-04-20T16:03:14.306] [DEBUG] cheese - login => username:admin,password:123456
[2020-04-20T16:03:14.306] [DEBUG] cheese - admin
[2020-04-20T16:03:14.314] [DEBUG] cheese - null
[2020-04-20T16:03:14.314] [DEBUG] cheese - null
[2020-04-20T16:03:17.793] [DEBUG] cheese - login => username:admin,password:123456
[2020-04-20T16:03:17.793] [DEBUG] cheese - admin
[2020-04-20T16:03:17.812] [DEBUG] cheese - null
[2020-04-20T16:03:17.812] [DEBUG] cheese - null
[2020-04-20T16:06:17.796] [DEBUG] cheese - login => username:admin,password:123456
[2020-04-20T16:06:17.796] [DEBUG] cheese - admin
[2020-04-20T16:06:17.856] [DEBUG] cheese - null
[2020-04-20T16:06:17.856] [DEBUG] cheese - null
[2020-04-20T16:06:36.773] [DEBUG] cheese - login => username:admin,password:123456
[2020-04-20T16:06:36.773] [DEBUG] cheese - admin
[2020-04-20T16:06:36.799] [DEBUG] cheese - null
[2020-04-20T16:06:36.800] [DEBUG] cheese - null
[2020-04-20T16:06:55.585] [DEBUG] cheese - login => username:admin,password:123456
[2020-04-20T16:06:55.585] [DEBUG] cheese - admin
[2020-04-20T16:06:55.591] [DEBUG] cheese - null
[2020-04-20T16:06:55.591] [DEBUG] cheese - null
[2020-04-20T16:07:46.153] [DEBUG] cheese - login => username:admin,password:123456
[2020-04-20T16:07:46.154] [DEBUG] cheese - admin
[2020-04-20T16:07:46.159] [DEBUG] cheese - null
[2020-04-20T16:07:46.159] [DEBUG] cheese - null
[2020-04-20T16:08:21.581] [DEBUG] cheese - login => username:admin,password:123456
[2020-04-20T16:08:21.581] [DEBUG] cheese - admin
[2020-04-20T16:08:21.595] [DEBUG] cheese - null
[2020-04-20T16:08:21.595] [DEBUG] cheese - null
[2020-04-20T16:12:18.988] [DEBUG] cheese - login => username:admin,password:123456
[2020-04-20T16:12:18.989] [DEBUG] cheese - admin
[2020-04-20T16:12:19.155] [DEBUG] cheese - null
[2020-04-20T16:12:19.155] [DEBUG] cheese - null
[2020-04-20T16:24:30.746] [DEBUG] cheese - login => username:admin;';,password:123456
[2020-04-20T16:24:30.746] [DEBUG] cheese - admin;';
[2020-04-20T16:24:30.814] [DEBUG] cheese - null
[2020-04-20T16:24:30.814] [DEBUG] cheese - null
[2020-04-20T16:24:34.298] [DEBUG] cheese - login => username:admin,password:123456
[2020-04-20T16:24:34.298] [DEBUG] cheese - admin
[2020-04-20T16:24:34.301] [DEBUG] cheese - null
[2020-04-20T16:24:34.302] [DEBUG] cheese - null
[2020-04-20T16:25:09.400] [DEBUG] cheese - login => username:adminl;l,password:123456
[2020-04-20T16:25:09.400] [DEBUG] cheese - adminl;l
[2020-04-20T16:25:09.402] [DEBUG] cheese - null
[2020-04-20T16:25:09.402] [DEBUG] cheese - null
[2020-04-20T16:25:46.663] [DEBUG] cheese - login => username:admin,password:123456
[2020-04-20T16:25:46.663] [DEBUG] cheese - admin
[2020-04-20T16:25:46.668] [DEBUG] cheese - null
[2020-04-20T16:25:46.668] [DEBUG] cheese - null
[2020-04-22T10:02:34.630] [DEBUG] cheese - login => username:admin,password:123456
[2020-04-22T10:02:34.700] [DEBUG] cheese - admin
[2020-04-22T10:02:35.696] [DEBUG] cheese - login => username:admin,password:123456
[2020-04-22T10:02:35.696] [DEBUG] cheese - admin
[2020-04-22T10:02:36.261] [DEBUG] cheese - null
[2020-04-22T10:02:36.490] [DEBUG] cheese - null
[2020-04-22T10:02:36.785] [DEBUG] cheese - null
[2020-04-22T10:02:36.785] [DEBUG] cheese - null
[2020-04-22T10:02:36.972] [DEBUG] cheese - login => username:admin,password:123456
[2020-04-22T10:02:36.972] [DEBUG] cheese - admin
[2020-04-22T10:02:36.977] [DEBUG] cheese - null
[2020-04-22T10:02:36.977] [DEBUG] cheese - null
[2020-04-22T10:05:32.301] [DEBUG] cheese - login => username:admin,password:123456
[2020-04-22T10:05:32.301] [DEBUG] cheese - admin
[2020-04-22T10:05:32.333] [DEBUG] cheese - null
[2020-04-22T10:05:32.334] [DEBUG] cheese - null
[2020-04-22T10:09:33.206] [DEBUG] cheese - login => username:admin,password:123456
[2020-04-22T10:09:33.206] [DEBUG] cheese - admin
[2020-04-22T10:09:33.257] [DEBUG] cheese - null
[2020-04-22T10:09:33.258] [DEBUG] cheese - null
[2020-04-22T10:09:59.284] [DEBUG] cheese - login => username:admin,password:123456
[2020-04-22T10:09:59.284] [DEBUG] cheese - admin
[2020-04-22T10:09:59.290] [DEBUG] cheese - null
[2020-04-22T10:09:59.290] [DEBUG] cheese - null
[2020-04-22T11:14:03.825] [DEBUG] cheese - login => username:admin,password:123456
[2020-04-22T11:14:03.854] [DEBUG] cheese - admin
[2020-04-22T11:14:04.059] [DEBUG] cheese - null
[2020-04-22T11:14:04.060] [DEBUG] cheese - null
[2020-04-22T11:14:09.153] [DEBUG] cheese - login => username:admin,password:123456
[2020-04-22T11:14:09.167] [DEBUG] cheese - admin
[2020-04-22T11:14:09.171] [DEBUG] cheese - null
[2020-04-22T11:14:09.171] [DEBUG] cheese - null
[2020-04-22T11:14:16.487] [DEBUG] cheese - login => username:admin,password:123456
[2020-04-22T11:14:16.496] [DEBUG] cheese - admin
[2020-04-22T11:14:16.500] [DEBUG] cheese - null
[2020-04-22T11:14:16.500] [DEBUG] cheese - null
[2020-04-22T11:19:15.547] [DEBUG] cheese - login => username:admin,password:123456
[2020-04-22T11:19:15.547] [DEBUG] cheese - admin
[2020-04-22T11:19:15.649] [DEBUG] cheese - null
[2020-04-22T11:19:15.649] [DEBUG] cheese - null
[2020-04-22T11:23:01.957] [DEBUG] cheese - login => username:admin,password:123456
[2020-04-22T11:23:01.957] [DEBUG] cheese - admin
[2020-04-22T11:23:02.010] [DEBUG] cheese - null
[2020-04-22T11:23:02.010] [DEBUG] cheese - null
[2020-04-22T11:23:35.182] [DEBUG] cheese - login => username:admin,password:123456
[2020-04-22T11:23:35.182] [DEBUG] cheese - admin
[2020-04-22T11:23:35.199] [DEBUG] cheese - null
[2020-04-22T11:23:35.199] [DEBUG] cheese - null
[2020-04-22T11:23:43.074] [DEBUG] cheese - login => username:admin,password:123456
[2020-04-22T11:23:43.086] [DEBUG] cheese - admin
[2020-04-22T11:23:43.089] [DEBUG] cheese - null
[2020-04-22T11:23:43.089] [DEBUG] cheese - null
[2020-04-22T11:27:12.788] [DEBUG] cheese - login => username:admin,password:123456
[2020-04-22T11:27:12.788] [DEBUG] cheese - admin
[2020-04-22T11:27:12.876] [DEBUG] cheese - null
[2020-04-22T11:27:12.876] [DEBUG] cheese - null
[2020-04-22T11:34:28.946] [DEBUG] cheese - login => username:admin,password:123456
[2020-04-22T11:34:28.946] [DEBUG] cheese - admin
[2020-04-22T11:34:29.007] [DEBUG] cheese - null
[2020-04-22T11:34:29.007] [DEBUG] cheese - null
[2020-04-22T11:41:51.153] [DEBUG] cheese - login => username:admin,password:123456
[2020-04-22T11:41:51.154] [DEBUG] cheese - admin
[2020-04-22T11:41:51.328] [DEBUG] cheese - null
[2020-04-22T11:41:51.328] [DEBUG] cheese - null
[2020-04-22T11:42:29.380] [DEBUG] cheese - login => username:admin,password:123456
[2020-04-22T11:42:29.381] [DEBUG] cheese - admin
[2020-04-22T11:42:29.468] [DEBUG] cheese - null
[2020-04-22T11:42:29.468] [DEBUG] cheese - null
[2020-04-22T11:44:52.271] [DEBUG] cheese - login => username:admin,password:123456
[2020-04-22T11:44:52.271] [DEBUG] cheese - admin
[2020-04-22T11:44:52.375] [DEBUG] cheese - null
[2020-04-22T11:44:52.375] [DEBUG] cheese - null
[2020-04-22T11:45:57.391] [DEBUG] cheese - login => username:admin,password:123456
[2020-04-22T11:45:57.392] [DEBUG] cheese - admin
[2020-04-22T11:45:57.398] [DEBUG] cheese - null
[2020-04-22T11:45:57.399] [DEBUG] cheese - null
[2020-04-22T11:53:42.165] [DEBUG] cheese - login => username:admin,password:123456
[2020-04-22T11:53:42.165] [DEBUG] cheese - admin
[2020-04-22T11:53:42.266] [DEBUG] cheese - null
[2020-04-22T11:53:42.266] [DEBUG] cheese - null
[2020-04-22T13:23:05.280] [DEBUG] cheese - login => username:admin,password:123456
[2020-04-22T13:23:05.295] [DEBUG] cheese - admin
[2020-04-22T13:23:06.194] [DEBUG] cheese - null
[2020-04-22T13:23:06.194] [DEBUG] cheese - null
[2020-04-22T13:34:26.173] [DEBUG] cheese - login => username:admin,password:123456
[2020-04-22T13:34:26.173] [DEBUG] cheese - admin
[2020-04-22T13:34:26.225] [DEBUG] cheese - null
[2020-04-22T13:34:26.225] [DEBUG] cheese - null
[2020-04-22T13:46:26.094] [DEBUG] cheese - login => username:admin,password:123456
[2020-04-22T13:46:26.094] [DEBUG] cheese - admin
[2020-04-22T13:46:26.228] [DEBUG] cheese - null
[2020-04-22T13:46:26.228] [DEBUG] cheese - null
[2020-04-22T13:55:05.093] [DEBUG] cheese - login => username:admin,password:123456
[2020-04-22T13:55:05.094] [DEBUG] cheese - admin
[2020-04-22T13:55:05.177] [DEBUG] cheese - null
[2020-04-22T13:55:05.177] [DEBUG] cheese - null
[2020-04-22T14:33:09.992] [DEBUG] cheese - login => username:admin,password:123456
[2020-04-22T14:33:09.996] [DEBUG] cheese - admin
[2020-04-22T14:33:10.138] [DEBUG] cheese - null
[2020-04-22T14:33:10.138] [DEBUG] cheese - null
[2020-04-22T14:33:18.357] [DEBUG] cheese - login => username:admin,password:123456
[2020-04-22T14:33:18.357] [DEBUG] cheese - admin
[2020-04-22T14:33:18.363] [DEBUG] cheese - null
[2020-04-22T14:33:18.364] [DEBUG] cheese - null
[2020-04-22T14:36:52.046] [DEBUG] cheese - login => username:admin,password:123456
[2020-04-22T14:36:52.046] [DEBUG] cheese - admin
[2020-04-22T14:36:52.062] [DEBUG] cheese - null
[2020-04-22T14:36:52.062] [DEBUG] cheese - null
[2020-04-22T14:38:01.048] [DEBUG] cheese - login => username:admin,password:123456
[2020-04-22T14:38:01.048] [DEBUG] cheese - admin
[2020-04-22T14:38:01.054] [DEBUG] cheese - null
[2020-04-22T14:38:01.054] [DEBUG] cheese - null
[2020-04-22T16:05:20.320] [DEBUG] cheese - login => username:admin,password:123456
[2020-04-22T16:05:20.320] [DEBUG] cheese - admin
[2020-04-22T16:05:20.385] [DEBUG] cheese - null
[2020-04-22T16:05:20.385] [DEBUG] cheese - null
[2020-04-22T16:05:51.664] [DEBUG] cheese - login => username:admin,password:123456
[2020-04-22T16:05:51.664] [DEBUG] cheese - admin
[2020-04-22T16:05:51.669] [DEBUG] cheese - null
[2020-04-22T16:05:51.669] [DEBUG] cheese - null
[2020-04-22T16:07:39.853] [DEBUG] cheese - login => username:admin,password:123456
[2020-04-22T16:07:39.853] [DEBUG] cheese - admin
[2020-04-22T16:07:39.856] [DEBUG] cheese - null
[2020-04-22T16:07:39.856] [DEBUG] cheese - null
[2020-04-22T16:33:20.375] [DEBUG] cheese - login => username:admin,password:123456
[2020-04-22T16:33:20.376] [DEBUG] cheese - admin
[2020-04-22T16:33:20.480] [DEBUG] cheese - null
[2020-04-22T16:33:20.480] [DEBUG] cheese - null
[2020-04-26T13:33:40.085] [DEBUG] cheese - login => username:admin,password:123456
[2020-04-26T13:33:40.108] [DEBUG] cheese - admin
[2020-04-26T13:33:41.038] [DEBUG] cheese - null
[2020-04-26T13:33:41.061] [DEBUG] cheese - null
[2020-04-27T13:26:43.381] [DEBUG] cheese - null
[2020-04-27T13:27:57.231] [DEBUG] cheese - null
[2020-04-27T13:29:12.473] [DEBUG] cheese - null
[2020-04-27T13:29:24.988] [DEBUG] cheese - null
[2020-04-27T13:29:30.152] [DEBUG] cheese - null
[2020-04-27T13:38:05.855] [DEBUG] cheese - login => username:admin,password:123456
[2020-04-27T13:38:05.855] [DEBUG] cheese - admin
[2020-04-27T13:38:05.899] [DEBUG] cheese - null
[2020-04-27T13:38:05.922] [DEBUG] cheese - null
[2020-04-27T14:46:27.239] [DEBUG] cheese - null
[2020-04-27T15:49:26.157] [DEBUG] cheese - login => username:admin,password:123456
[2020-04-27T15:49:26.165] [DEBUG] cheese - admin
[2020-04-27T15:49:26.313] [DEBUG] cheese - null
[2020-04-27T15:49:26.313] [DEBUG] cheese - null
